<?xml version="1.0" encoding="UTF-8"?>
<testsuite xmlns:xsi="http://www.w3.org/2001/XMLSchema-instance" xsi:noNamespaceSchemaLocation="https://maven.apache.org/surefire/maven-surefire-plugin/xsd/surefire-test-report.xsd" name="com.example.bnp.tennis.controller.TennisControllerTest" time="0.068" tests="1" errors="1" skipped="0" failures="0">
  <properties>
[...]
</properties>
  <testcase name="cantCreateTwoMatch" classname="com.example.bnp.tennis.controller.TennisControllerTest" time="0.028">
    <error type="java.lang.NullPointerException">java.lang.NullPointerException
	at com.example.bnp.tennis.controller.TennisControllerTest.cantCreateTwoMatch(TennisControllerTest.java:60)
</error>
    <system-out><![CDATA[2021-05-24 13:27:23.661  INFO 3111 --- [           main] .b.t.c.SpringBootTestContextBootstrapper : Neither @ContextConfiguration nor @ContextHierarchy found for test class [com.example.bnp.tennis.controller.TennisControllerTest], using SpringBootContextLoader
2021-05-24 13:27:23.662  INFO 3111 --- [           main] o.s.t.c.support.AbstractContextLoader    : Could not detect default resource locations for test class [com.example.bnp.tennis.controller.TennisControllerTest]: no resource found for suffixes {-context.xml, Context.groovy}.
2021-05-24 13:27:23.667  INFO 3111 --- [           main] .b.t.c.SpringBootTestContextBootstrapper : Loaded default TestExecutionListener class names from location [META-INF/spring.factories]: [org.springframework.boot.test.mock.mockito.MockitoTestExecutionListener, org.springframework.boot.test.mock.mockito.ResetMocksTestExecutionListener, org.springframework.boot.test.autoconfigure.restdocs.RestDocsTestExecutionListener, org.springframework.boot.test.autoconfigure.web.client.MockRestServiceServerResetTestExecutionListener, org.springframework.boot.test.autoconfigure.web.servlet.MockMvcPrintOnlyOnFailureTestExecutionListener, org.springframework.boot.test.autoconfigure.web.servlet.WebDriverTestExecutionListener, org.springframework.boot.test.autoconfigure.webservices.client.MockWebServiceServerTestExecutionListener, org.springframework.test.context.web.ServletTestExecutionListener, org.springframework.test.context.support.DirtiesContextBeforeModesTestExecutionListener, org.springframework.test.context.event.ApplicationEventsTestExecutionListener, org.springframework.test.context.support.DependencyInjectionTestExecutionListener, org.springframework.test.context.support.DirtiesContextTestExecutionListener, org.springframework.test.context.transaction.TransactionalTestExecutionListener, org.springframework.test.context.jdbc.SqlScriptsTestExecutionListener, org.springframework.test.context.event.EventPublishingTestExecutionListener]
2021-05-24 13:27:23.668  INFO 3111 --- [           main] .b.t.c.SpringBootTestContextBootstrapper : Using TestExecutionListeners: [org.springframework.test.context.web.ServletTestExecutionListener@5d124d29, org.springframework.test.context.support.DirtiesContextBeforeModesTestExecutionListener@3c88191b, org.springframework.test.context.event.ApplicationEventsTestExecutionListener@74960e9d, org.springframework.boot.test.mock.mockito.MockitoTestExecutionListener@4001d8c1, org.springframework.boot.test.autoconfigure.SpringBootDependencyInjectionTestExecutionListener@fb5aeed, org.springframework.test.context.support.DirtiesContextTestExecutionListener@73893ec1, org.springframework.test.context.event.EventPublishingTestExecutionListener@37af24cb, org.springframework.boot.test.mock.mockito.ResetMocksTestExecutionListener@7926352f, org.springframework.boot.test.autoconfigure.restdocs.RestDocsTestExecutionListener@5bc63e20, org.springframework.boot.test.autoconfigure.web.client.MockRestServiceServerResetTestExecutionListener@61037caf, org.springframework.boot.test.autoconfigure.web.servlet.MockMvcPrintOnlyOnFailureTestExecutionListener@2fc49538, org.springframework.boot.test.autoconfigure.web.servlet.WebDriverTestExecutionListener@670342a2, org.springframework.boot.test.autoconfigure.webservices.client.MockWebServiceServerTestExecutionListener@d5e575c]

  .   ____          _            __ _ _
 /\\ / ___'_ __ _ _(_)_ __  __ _ \ \ \ \
( ( )\___ | '_ | '_| | '_ \/ _` | \ \ \ \
 \\/  ___)| |_)| | | | | || (_| |  ) ) ) )
  '  |____| .__|_| |_|_| |_\__, | / / / /
 =========|_|==============|___/=/_/_/_/
 :: Spring Boot ::                (v2.5.0)

2021-05-24 13:27:23.694  INFO 3111 --- [           main] c.e.b.t.controller.TennisControllerTest  : Starting TennisControllerTest using Java 11.0.11 on Thomass-iMac.local with PID 3111 (started by thomaswerland in /Users/thomaswerland/Downloads/bnp)
2021-05-24 13:27:23.696  INFO 3111 --- [           main] c.e.b.t.controller.TennisControllerTest  : No active profile set, falling back to default profiles: default
2021-05-24 13:27:23.717  INFO 3111 --- [           main] c.e.b.t.controller.TennisControllerTest  : Started TennisControllerTest in 0.045 seconds (JVM running for 3.218)
]]></system-out>
  </testcase>
</testsuite>